have_header: checking for vm_core.h... -------------------- no

"gcc -o conftest -I/usr/local/rbenv/versions/2.4.6/include/ruby-2.4.0/x86_64-linux -I/usr/local/rbenv/versions/2.4.6/include/ruby-2.4.0/ruby/backward -I/usr/local/rbenv/versions/2.4.6/include/ruby-2.4.0 -I. -I/usr/local/rbenv/versions/2.4.6/include    -O3 -fno-fast-math -ggdb3 -Wall -Wextra -Wno-unused-parameter -Wno-parentheses -Wno-long-long -Wno-missing-field-initializers -Wno-tautological-compare -Wno-parentheses-equality -Wno-constant-logical-operand -Wno-self-assign -Wunused-variable -Wimplicit-int -Wpointer-arith -Wwrite-strings -Wdeclaration-after-statement -Wimplicit-function-declaration -Wdeprecated-declarations -Wno-packed-bitfield-compat -Wsuggest-attribute=noreturn -Wsuggest-attribute=format  -fPIC conftest.c  -L. -L/usr/local/rbenv/versions/2.4.6/lib -Wl,-rpath,/usr/local/rbenv/versions/2.4.6/lib -L. -L/usr/local/rbenv/versions/2.4.6/lib  -fstack-protector -rdynamic -Wl,-export-dynamic     -Wl,-rpath,/usr/local/rbenv/versions/2.4.6/lib -L/usr/local/rbenv/versions/2.4.6/lib -lruby  -lpthread -ldl -lcrypt -lm   -lc"
checked program was:
/* begin */
1: #include "ruby.h"
2: 
3: int main(int argc, char **argv)
4: {
5:   return 0;
6: }
/* end */

"gcc -E -I/usr/local/rbenv/versions/2.4.6/include/ruby-2.4.0/x86_64-linux -I/usr/local/rbenv/versions/2.4.6/include/ruby-2.4.0/ruby/backward -I/usr/local/rbenv/versions/2.4.6/include/ruby-2.4.0 -I. -I/usr/local/rbenv/versions/2.4.6/include    -O3 -fno-fast-math -ggdb3 -Wall -Wextra -Wno-unused-parameter -Wno-parentheses -Wno-long-long -Wno-missing-field-initializers -Wno-tautological-compare -Wno-parentheses-equality -Wno-constant-logical-operand -Wno-self-assign -Wunused-variable -Wimplicit-int -Wpointer-arith -Wwrite-strings -Wdeclaration-after-statement -Wimplicit-function-declaration -Wdeprecated-declarations -Wno-packed-bitfield-compat -Wsuggest-attribute=noreturn -Wsuggest-attribute=format  -fPIC  conftest.c -o conftest.i"
conftest.c:3:21: fatal error: vm_core.h: No such file or directory
 #include <vm_core.h>
                     ^
compilation terminated.
checked program was:
/* begin */
1: #include "ruby.h"
2: 
3: #include <vm_core.h>
/* end */

--------------------

have_header: checking for vm_core.h... -------------------- no

"gcc -E -I/usr/local/rbenv/versions/2.4.6/include/ruby-2.4.0/x86_64-linux -I/usr/local/rbenv/versions/2.4.6/include/ruby-2.4.0/ruby/backward -I/usr/local/rbenv/versions/2.4.6/include/ruby-2.4.0 -I. -I/usr/local/rbenv/versions/2.4.6/include/ruby-2.4.0/ruby-2.4.6-p354 -O3 -fno-fast-math -ggdb3 -Wall -Wextra -Wno-unused-parameter -Wno-parentheses -Wno-long-long -Wno-missing-field-initializers -Wno-tautological-compare -Wno-parentheses-equality -Wno-constant-logical-operand -Wno-self-assign -Wunused-variable -Wimplicit-int -Wpointer-arith -Wwrite-strings -Wdeclaration-after-statement -Wimplicit-function-declaration -Wdeprecated-declarations -Wno-packed-bitfield-compat -Wsuggest-attribute=noreturn -Wsuggest-attribute=format  -fPIC  conftest.c -o conftest.i"
conftest.c:3:21: fatal error: vm_core.h: No such file or directory
 #include <vm_core.h>
                     ^
compilation terminated.
checked program was:
/* begin */
1: #include "ruby.h"
2: 
3: #include <vm_core.h>
/* end */

--------------------

have_header: checking for vm_core.h... -------------------- yes

"gcc -E -I/usr/local/rbenv/versions/2.4.6/include/ruby-2.4.0/x86_64-linux -I/usr/local/rbenv/versions/2.4.6/include/ruby-2.4.0/ruby/backward -I/usr/local/rbenv/versions/2.4.6/include/ruby-2.4.0 -I. -I/mnt/src/rails-react-sample/vendor/bundle/ruby/2.4.0/gems/debase-ruby_core_source-0.10.12/lib/debase/ruby_core_source/ruby-2.4.3-p205 -O3 -fno-fast-math -ggdb3 -Wall -Wextra -Wno-unused-parameter -Wno-parentheses -Wno-long-long -Wno-missing-field-initializers -Wno-tautological-compare -Wno-parentheses-equality -Wno-constant-logical-operand -Wno-self-assign -Wunused-variable -Wimplicit-int -Wpointer-arith -Wwrite-strings -Wdeclaration-after-statement -Wimplicit-function-declaration -Wdeprecated-declarations -Wno-packed-bitfield-compat -Wsuggest-attribute=noreturn -Wsuggest-attribute=format  -fPIC  conftest.c -o conftest.i"
checked program was:
/* begin */
1: #include "ruby.h"
2: 
3: #include <vm_core.h>
/* end */

--------------------

have_header: checking for iseq.h... -------------------- yes

"gcc -E -I/usr/local/rbenv/versions/2.4.6/include/ruby-2.4.0/x86_64-linux -I/usr/local/rbenv/versions/2.4.6/include/ruby-2.4.0/ruby/backward -I/usr/local/rbenv/versions/2.4.6/include/ruby-2.4.0 -I. -I/mnt/src/rails-react-sample/vendor/bundle/ruby/2.4.0/gems/debase-ruby_core_source-0.10.12/lib/debase/ruby_core_source/ruby-2.4.3-p205 -O3 -fno-fast-math -ggdb3 -Wall -Wextra -Wno-unused-parameter -Wno-parentheses -Wno-long-long -Wno-missing-field-initializers -Wno-tautological-compare -Wno-parentheses-equality -Wno-constant-logical-operand -Wno-self-assign -Wunused-variable -Wimplicit-int -Wpointer-arith -Wwrite-strings -Wdeclaration-after-statement -Wimplicit-function-declaration -Wdeprecated-declarations -Wno-packed-bitfield-compat -Wsuggest-attribute=noreturn -Wsuggest-attribute=format  -fPIC  conftest.c -o conftest.i"
checked program was:
/* begin */
1: #include "ruby.h"
2: 
3: #include <iseq.h>
/* end */

--------------------

have_header: checking for version.h... -------------------- yes

"gcc -E -I/usr/local/rbenv/versions/2.4.6/include/ruby-2.4.0/x86_64-linux -I/usr/local/rbenv/versions/2.4.6/include/ruby-2.4.0/ruby/backward -I/usr/local/rbenv/versions/2.4.6/include/ruby-2.4.0 -I. -I/mnt/src/rails-react-sample/vendor/bundle/ruby/2.4.0/gems/debase-ruby_core_source-0.10.12/lib/debase/ruby_core_source/ruby-2.4.3-p205 -O3 -fno-fast-math -ggdb3 -Wall -Wextra -Wno-unused-parameter -Wno-parentheses -Wno-long-long -Wno-missing-field-initializers -Wno-tautological-compare -Wno-parentheses-equality -Wno-constant-logical-operand -Wno-self-assign -Wunused-variable -Wimplicit-int -Wpointer-arith -Wwrite-strings -Wdeclaration-after-statement -Wimplicit-function-declaration -Wdeprecated-declarations -Wno-packed-bitfield-compat -Wsuggest-attribute=noreturn -Wsuggest-attribute=format  -fPIC  conftest.c -o conftest.i"
checked program was:
/* begin */
1: #include "ruby.h"
2: 
3: #include <version.h>
/* end */

--------------------

have_header: checking for vm_core.h... -------------------- yes

"gcc -E -I/usr/local/rbenv/versions/2.4.6/include/ruby-2.4.0/x86_64-linux -I/usr/local/rbenv/versions/2.4.6/include/ruby-2.4.0/ruby/backward -I/usr/local/rbenv/versions/2.4.6/include/ruby-2.4.0 -I. -I/mnt/src/rails-react-sample/vendor/bundle/ruby/2.4.0/gems/debase-ruby_core_source-0.10.12/lib/debase/ruby_core_source/ruby-2.4.3-p205 -O3 -fno-fast-math -ggdb3 -Wall -Wextra -Wno-unused-parameter -Wno-parentheses -Wno-long-long -Wno-missing-field-initializers -Wno-tautological-compare -Wno-parentheses-equality -Wno-constant-logical-operand -Wno-self-assign -Wunused-variable -Wimplicit-int -Wpointer-arith -Wwrite-strings -Wdeclaration-after-statement -Wimplicit-function-declaration -Wdeprecated-declarations -Wno-packed-bitfield-compat -Wsuggest-attribute=noreturn -Wsuggest-attribute=format  -fPIC  conftest.c -o conftest.i"
checked program was:
/* begin */
1: #include "ruby.h"
2: 
3: #include <vm_core.h>
/* end */

--------------------

have_header: checking for vm_insnhelper.h... -------------------- yes

"gcc -E -I/usr/local/rbenv/versions/2.4.6/include/ruby-2.4.0/x86_64-linux -I/usr/local/rbenv/versions/2.4.6/include/ruby-2.4.0/ruby/backward -I/usr/local/rbenv/versions/2.4.6/include/ruby-2.4.0 -I. -I/mnt/src/rails-react-sample/vendor/bundle/ruby/2.4.0/gems/debase-ruby_core_source-0.10.12/lib/debase/ruby_core_source/ruby-2.4.3-p205 -O3 -fno-fast-math -ggdb3 -Wall -Wextra -Wno-unused-parameter -Wno-parentheses -Wno-long-long -Wno-missing-field-initializers -Wno-tautological-compare -Wno-parentheses-equality -Wno-constant-logical-operand -Wno-self-assign -Wunused-variable -Wimplicit-int -Wpointer-arith -Wwrite-strings -Wdeclaration-after-statement -Wimplicit-function-declaration -Wdeprecated-declarations -Wno-packed-bitfield-compat -Wsuggest-attribute=noreturn -Wsuggest-attribute=format  -fPIC  conftest.c -o conftest.i"
checked program was:
/* begin */
1: #include "ruby.h"
2: 
3: #include <vm_insnhelper.h>
/* end */

--------------------

have_header: checking for vm_core.h... -------------------- yes

"gcc -E -I/usr/local/rbenv/versions/2.4.6/include/ruby-2.4.0/x86_64-linux -I/usr/local/rbenv/versions/2.4.6/include/ruby-2.4.0/ruby/backward -I/usr/local/rbenv/versions/2.4.6/include/ruby-2.4.0 -I. -I/mnt/src/rails-react-sample/vendor/bundle/ruby/2.4.0/gems/debase-ruby_core_source-0.10.12/lib/debase/ruby_core_source/ruby-2.4.3-p205 -O3 -fno-fast-math -ggdb3 -Wall -Wextra -Wno-unused-parameter -Wno-parentheses -Wno-long-long -Wno-missing-field-initializers -Wno-tautological-compare -Wno-parentheses-equality -Wno-constant-logical-operand -Wno-self-assign -Wunused-variable -Wimplicit-int -Wpointer-arith -Wwrite-strings -Wdeclaration-after-statement -Wimplicit-function-declaration -Wdeprecated-declarations -Wno-packed-bitfield-compat -Wsuggest-attribute=noreturn -Wsuggest-attribute=format  -fPIC  conftest.c -o conftest.i"
checked program was:
/* begin */
1: #include "ruby.h"
2: 
3: #include <vm_core.h>
/* end */

--------------------

have_header: checking for method.h... -------------------- yes

"gcc -E -I/usr/local/rbenv/versions/2.4.6/include/ruby-2.4.0/x86_64-linux -I/usr/local/rbenv/versions/2.4.6/include/ruby-2.4.0/ruby/backward -I/usr/local/rbenv/versions/2.4.6/include/ruby-2.4.0 -I. -I/mnt/src/rails-react-sample/vendor/bundle/ruby/2.4.0/gems/debase-ruby_core_source-0.10.12/lib/debase/ruby_core_source/ruby-2.4.3-p205 -O3 -fno-fast-math -ggdb3 -Wall -Wextra -Wno-unused-parameter -Wno-parentheses -Wno-long-long -Wno-missing-field-initializers -Wno-tautological-compare -Wno-parentheses-equality -Wno-constant-logical-operand -Wno-self-assign -Wunused-variable -Wimplicit-int -Wpointer-arith -Wwrite-strings -Wdeclaration-after-statement -Wimplicit-function-declaration -Wdeprecated-declarations -Wno-packed-bitfield-compat -Wsuggest-attribute=noreturn -Wsuggest-attribute=format  -fPIC  conftest.c -o conftest.i"
checked program was:
/* begin */
1: #include "ruby.h"
2: 
3: #include <method.h>
/* end */

--------------------

